<?xml version="1.0" encoding="UTF-8"?>
<!-- Generated by org.testng.reporters.JUnitReportReporter -->
<testsuite hostname="LAPTOP-9SCSOD5S" failures="0" tests="1" name="Contact_runner.Runner2" time="10.457" errors="0" timestamp="2023-03-03T18:25:36 CST" skipped="0">
  <testcase classname="Contact_runner.Runner2" name="feature" time="10.457"/>
  <system-out/>
</testsuite> <!-- Contact_runner.Runner2 -->
